[2025-12-06T11:48:49.967Z] PUT /api/profile request for kisodrakon. Data: Name=, Family=
[2025-12-06T11:48:49.969Z] GET /api/profile request for username: kisodrakon
[2025-12-06T11:48:49.975Z] PUT /api/profile request for kisodrakon. Data: Name=, Family=
[2025-12-06T11:48:51.109Z] GET /api/profile request for username: kisodrakon
[2025-12-06T11:48:51.852Z] GET /api/profile request for username: kisodrakon
[2025-12-06T11:48:55.161Z] PUT /api/profile request for kisodrakon. Data: Name=Alskar, Family=
[2025-12-06T11:48:58.078Z] PUT /api/profile request for kisodrakon. Data: Name=Alskar, Family=Hundalfson
[2025-12-06T11:49:02.775Z] PUT /api/profile request for kisodrakon. Data: Name=Alskar, Family=Hundalfson
[2025-12-06T11:49:05.602Z] PUT /api/profile request for kisodrakon. Data: Name=Alskar, Family=Hundalfson
[2025-12-06T11:49:06.903Z] PUT /api/profile request for kisodrakon. Data: Name=Alskar, Family=Hundalfson
[2025-12-06T11:49:09.388Z] PUT /api/profile request for kisodrakon. Data: Name=Alskar, Family=Hundalfson
[2025-12-06T11:49:14.758Z] PUT /api/profile request for kisodrakon. Data: Name=Alskar, Family=Hundalfson
[2025-12-06T11:49:15.117Z] PUT /api/profile request for kisodrakon. Data: Name=Alskar, Family=Hundalfson
[2025-12-06T11:49:16.032Z] PUT /api/profile request for kisodrakon. Data: Name=Alskar, Family=Hundalfson
[2025-12-06T11:49:17.022Z] PUT /api/profile request for kisodrakon. Data: Name=Alskar, Family=Hundalfson
[2025-12-06T11:49:20.119Z] PUT /api/profile request for kisodrakon. Data: Name=Alskar, Family=Hundalfson
[2025-12-06T11:49:20.121Z] PUT /api/profile request for kisodrakon. Data: Name=Alskar, Family=Hundalfson
[2025-12-06T11:49:20.576Z] PUT /api/profile request for kisodrakon. Data: Name=Alskar, Family=Hundalfson
[2025-12-06T11:49:21.507Z] PUT /api/profile request for kisodrakon. Data: Name=Alskar, Family=Hundalfson
[2025-12-06T11:49:26.746Z] PUT /api/profile request for kisodrakon. Data: Name=Alskar, Family=Hundalfson
[2025-12-06T11:49:28.409Z] PUT /api/profile request for kisodrakon. Data: Name=Alskar, Family=Hundalfson
[2025-12-06T11:49:39.704Z] PUT /api/profile request for kisodrakon. Data: Name=Alskar, Family=Hundalfson
[2025-12-06T11:49:40.482Z] PUT /api/profile request for kisodrakon. Data: Name=Alskar, Family=Hundalfson
[2025-12-06T11:49:41.232Z] PUT /api/profile request for kisodrakon. Data: Name=Alskar, Family=Hundalfson
[2025-12-06T11:49:41.607Z] PUT /api/profile request for kisodrakon. Data: Name=Alskar, Family=Hundalfson
[2025-12-06T11:49:43.593Z] PUT /api/profile request for kisodrakon. Data: Name=Alskar, Family=Hundalfson
[2025-12-06T11:49:44.637Z] PUT /api/profile request for kisodrakon. Data: Name=Alskar, Family=Hundalfson
[2025-12-06T11:49:45.928Z] PUT /api/profile request for kisodrakon. Data: Name=Alskar, Family=Hundalfson
[2025-12-06T11:49:58.021Z] PUT /api/profile request for kisodrakon. Data: Name=Alskar, Family=Hundalfson
[2025-12-06T11:49:59.637Z] PUT /api/profile request for kisodrakon. Data: Name=Alskar, Family=Hundalfson
[2025-12-06T11:50:03.361Z] PUT /api/profile request for kisodrakon. Data: Name=Alskar, Family=Hundalfson
[2025-12-06T11:50:05.219Z] PUT /api/profile request for kisodrakon. Data: Name=Alskar, Family=Hundalfson
[2025-12-06T11:50:08.038Z] PUT /api/profile request for kisodrakon. Data: Name=Alskar, Family=Hundalfson
[2025-12-06T11:50:09.389Z] PUT /api/profile request for kisodrakon. Data: Name=Alskar, Family=Hundalfson
[2025-12-06T11:50:10.737Z] PUT /api/profile request for kisodrakon. Data: Name=Alskar, Family=Hundalfson
[2025-12-06T11:50:14.715Z] PUT /api/profile request for kisodrakon. Data: Name=Alskar, Family=Hundalfson
[2025-12-06T11:50:19.680Z] PUT /api/profile request for kisodrakon. Data: Name=Alskar, Family=Hundalfson
[2025-12-06T11:50:20.441Z] PUT /api/profile request for kisodrakon. Data: Name=Alskar, Family=Hundalfson
[2025-12-06T11:52:12.801Z] PUT /api/profile request for kisodrakon. Data: Name=, Family=
[2025-12-06T11:52:12.811Z] GET /api/profile request for username: kisodrakon
[2025-12-06T11:52:12.813Z] PUT /api/profile request for kisodrakon. Data: Name=, Family=
[2025-12-06T11:52:14.154Z] GET /api/profile request for username: kisodrakon
[2025-12-06T11:55:19.967Z] PUT /api/profile request for kisodrakon. Data: Name=Alskar, Family=
[2025-12-06T11:55:25.102Z] PUT /api/profile request for kisodrakon. Data: Name=, Family=
[2025-12-06T11:55:25.112Z] PUT /api/profile request for kisodrakon. Data: Name=, Family=
[2025-12-06T11:55:25.116Z] GET /api/profile request for username: kisodrakon
[2025-12-06T11:55:26.270Z] GET /api/profile request for username: kisodrakon
[2025-12-06T11:59:00.764Z] GET /api/profile request for username: kisodrakon
[2025-12-06T11:59:00.769Z] PUT /api/profile request for kisodrakon. Data: Name=, Family=
[2025-12-06T11:59:00.776Z] PUT /api/profile request for kisodrakon. Data: Name=, Family=
[2025-12-06T11:59:03.868Z] GET /api/profile request for username: kisodrakon
[2025-12-06T12:06:45.911Z] GET /api/profile request for username: kisodrakon
[2025-12-06T12:06:45.917Z] PUT /api/profile request for kisodrakon. Data: Name=, Family=
[2025-12-06T12:06:45.920Z] PUT /api/profile request for kisodrakon. Data: Name=, Family=
[2025-12-06T12:06:49.442Z] GET /api/profile request for username: kisodrakon
[2025-12-06T12:06:50.248Z] GET /api/profile request for username: kisodrakon
[2025-12-06T12:06:53.363Z] PUT /api/profile request for kisodrakon. Data: Name=Alskar, Family=
[2025-12-06T12:06:55.093Z] PUT /api/profile request for kisodrakon. Data: Name=Alskar, Family=Hundalfson
[2025-12-06T12:06:56.608Z] PUT /api/profile request for kisodrakon. Data: Name=Alskar, Family=Hundalfson
[2025-12-06T12:06:57.761Z] PUT /api/profile request for kisodrakon. Data: Name=Alskar, Family=Hundalfson
[2025-12-06T12:06:59.654Z] PUT /api/profile request for kisodrakon. Data: Name=Alskar, Family=Hundalfson
[2025-12-06T12:07:00.372Z] PUT /api/profile request for kisodrakon. Data: Name=Alskar, Family=Hundalfson
[2025-12-06T12:07:01.661Z] PUT /api/profile request for kisodrakon. Data: Name=Alskar, Family=Hundalfson
[2025-12-06T12:07:04.951Z] PUT /api/profile request for kisodrakon. Data: Name=Alskar, Family=Hundalfson
[2025-12-06T12:07:07.006Z] PUT /api/profile request for kisodrakon. Data: Name=Alskar, Family=Hundalfson
[2025-12-06T12:07:08.436Z] PUT /api/profile request for kisodrakon. Data: Name=Alskar, Family=Hundalfson
[2025-12-06T12:07:13.268Z] PUT /api/profile request for kisodrakon. Data: Name=, Family=
[2025-12-06T12:07:13.270Z] PUT /api/profile request for kisodrakon. Data: Name=, Family=
[2025-12-06T12:07:13.272Z] GET /api/profile request for username: kisodrakon
[2025-12-06T12:07:14.460Z] GET /api/profile request for username: kisodrakon
[2025-12-06T12:08:07.228Z] PUT /api/profile request for kisodrakon. Data: Name=, Family=
[2025-12-06T12:08:07.244Z] GET /api/profile request for username: kisodrakon
[2025-12-06T12:08:07.246Z] PUT /api/profile request for kisodrakon. Data: Name=, Family=
[2025-12-06T12:08:08.527Z] GET /api/profile request for username: kisodrakon
[2025-12-06T12:08:09.230Z] GET /api/profile request for username: kisodrakon
[2025-12-06T12:08:11.581Z] PUT /api/profile request for kisodrakon. Data: Name=Älskar, Family=
[2025-12-06T12:08:13.613Z] PUT /api/profile request for kisodrakon. Data: Name=Älskar, Family=Hundalfson
[2025-12-06T12:08:14.804Z] PUT /api/profile request for kisodrakon. Data: Name=Älskar, Family=Hundalfson
[2025-12-06T12:08:18.239Z] PUT /api/profile request for kisodrakon. Data: Name=Älskar, Family=Hundalfson
[2025-12-06T12:08:19.394Z] PUT /api/profile request for kisodrakon. Data: Name=Älskar, Family=Hundalfson
[2025-12-06T12:08:22.035Z] PUT /api/profile request for kisodrakon. Data: Name=Älskar, Family=Hundalfson
[2025-12-06T12:08:23.141Z] PUT /api/profile request for kisodrakon. Data: Name=Älskar, Family=Hundalfson
[2025-12-06T12:08:30.976Z] PUT /api/profile request for kisodrakon. Data: Name=Älskar, Family=Hundalfson
[2025-12-06T12:08:33.949Z] PUT /api/profile request for kisodrakon. Data: Name=, Family=
[2025-12-06T12:08:33.951Z] PUT /api/profile request for kisodrakon. Data: Name=, Family=
[2025-12-06T12:08:33.955Z] GET /api/profile request for username: kisodrakon
[2025-12-06T12:08:35.091Z] GET /api/profile request for username: kisodrakon
[2025-12-06T12:10:24.160Z] GET /api/profile request for username: kisodrakon
[2025-12-06T12:10:50.103Z] GET /api/profile request for username: kisodrakon
[2025-12-06T12:10:51.217Z] GET /api/profile request for username: kisodrakon
[2025-12-06T12:10:51.938Z] GET /api/profile request for username: kisodrakon
[2025-12-06T12:10:56.146Z] PUT /api/profile request for kisodrakon. Data: Name=Älskar, Family=Hundalfson
[2025-12-06T12:10:57.120Z] PUT /api/profile request for kisodrakon. Data: Name=Älskar, Family=Hundalfson
[2025-12-06T12:10:57.887Z] PUT /api/profile request for kisodrakon. Data: Name=Älskar, Family=Hundalfson
[2025-12-06T12:10:58.229Z] PUT /api/profile request for kisodrakon. Data: Name=Älskar, Family=Hundalfson
[2025-12-06T12:10:59.103Z] PUT /api/profile request for kisodrakon. Data: Name=Älskar, Family=Hundalfson
[2025-12-06T12:11:01.005Z] PUT /api/profile request for kisodrakon. Data: Name=Älskar, Family=Hundalfson
[2025-12-06T12:11:01.469Z] PUT /api/profile request for kisodrakon. Data: Name=Älskar, Family=Hundalfson
[2025-12-06T12:11:01.741Z] PUT /api/profile request for kisodrakon. Data: Name=Älskar, Family=Hundalfson
[2025-12-06T12:11:02.896Z] PUT /api/profile request for kisodrakon. Data: Name=Älskar, Family=Hundalfson
[2025-12-06T12:11:04.703Z] PUT /api/profile request for kisodrakon. Data: Name=Älskar, Family=Hundalfson
[2025-12-06T12:11:05.346Z] PUT /api/profile request for kisodrakon. Data: Name=Älskar, Family=Hundalfson
[2025-12-06T12:11:06.548Z] PUT /api/profile request for kisodrakon. Data: Name=Älskar, Family=Hundalfson
[2025-12-06T12:11:08.042Z] PUT /api/profile request for kisodrakon. Data: Name=Älskar, Family=Hundalfson
[2025-12-06T12:11:13.046Z] GET /api/profile request for username: kisodrakon
[2025-12-06T12:11:14.108Z] GET /api/profile request for username: kisodrakon
[2025-12-06T12:11:29.688Z] PUT /api/profile request for kisodrakon. Data: Name=Älskar, Family=Hundalfson
[2025-12-06T12:11:33.199Z] PUT /api/profile request for kisodrakon. Data: Name=Älskar, Family=Hundalfson
[2025-12-06T12:11:34.104Z] PUT /api/profile request for kisodrakon. Data: Name=Älskar, Family=Hundalfson
[2025-12-06T12:11:34.761Z] PUT /api/profile request for kisodrakon. Data: Name=Älskar, Family=Hundalfson
[2025-12-06T12:11:35.675Z] PUT /api/profile request for kisodrakon. Data: Name=Älskar, Family=Hundalfson
[2025-12-06T12:11:36.076Z] PUT /api/profile request for kisodrakon. Data: Name=Älskar, Family=Hundalfson
[2025-12-06T12:11:36.828Z] PUT /api/profile request for kisodrakon. Data: Name=Älskar, Family=Hundalfson
[2025-12-06T12:11:38.477Z] PUT /api/profile request for kisodrakon. Data: Name=Älskar, Family=Hundalfson
[2025-12-06T12:11:38.927Z] PUT /api/profile request for kisodrakon. Data: Name=Älskar, Family=Hundalfson
[2025-12-06T12:11:40.234Z] PUT /api/profile request for kisodrakon. Data: Name=Älskar, Family=Hundalfson
[2025-12-06T12:11:40.951Z] PUT /api/profile request for kisodrakon. Data: Name=Älskar, Family=Hundalfson
[2025-12-06T12:11:41.508Z] PUT /api/profile request for kisodrakon. Data: Name=Älskar, Family=Hundalfson
[2025-12-06T12:11:52.122Z] GET /api/profile request for username: kisodrakon
[2025-12-06T12:11:53.212Z] GET /api/profile request for username: kisodrakon
[2025-12-06T12:12:03.739Z] PUT /api/profile request for kisodrakon. Data: Name=Älskar, Family=Hundalfson
[2025-12-06T12:12:08.596Z] PUT /api/profile request for kisodrakon. Data: Name=Älskar, Family=Hundalfson
[2025-12-06T12:19:36.296Z] GET /api/profile request for username: kisodrakon
[2025-12-06T12:19:36.664Z] GET /api/profile request for username: kisodrakon
[2025-12-06T12:19:37.048Z] GET /api/profile request for username: kisodrakon
[2025-12-06T12:19:37.054Z] PUT /api/profile request for kisodrakon. Data: Name=Älskar, Family=Hundalfson
[2025-12-06T12:19:37.459Z] PUT /api/profile request for kisodrakon. Data: Name=Älskar, Family=Hundalfson
[2025-12-06T12:19:44.590Z] PUT /api/profile request for kisodrakon. Data: Name=Älskar, Family=Hundalfson
[2025-12-06T12:19:46.982Z] PUT /api/profile request for kisodrakon. Data: Name=Älskar, Family=Hundalfson
[2025-12-06T12:19:58.065Z] PUT /api/profile request for kisodrakon. Data: Name=Älskar, Family=Hundalfson
[2025-12-06T12:20:03.947Z] PUT /api/profile request for kisodrakon. Data: Name=Älskar, Family=Hundalfson
[2025-12-06T12:20:04.411Z] PUT /api/profile request for kisodrakon. Data: Name=Älskar, Family=Hundalfson
[2025-12-06T12:20:04.740Z] PUT /api/profile request for kisodrakon. Data: Name=Älskar, Family=Hundalfson
[2025-12-06T12:20:05.160Z] PUT /api/profile request for kisodrakon. Data: Name=Älskar, Family=Hundalfson
[2025-12-06T12:20:06.061Z] PUT /api/profile request for kisodrakon. Data: Name=Älskar, Family=Hundalfson
[2025-12-06T12:20:08.118Z] PUT /api/profile request for kisodrakon. Data: Name=Älskar, Family=Hundalfson
[2025-12-06T12:20:08.645Z] PUT /api/profile request for kisodrakon. Data: Name=Älskar, Family=Hundalfson
[2025-12-06T12:20:09.948Z] PUT /api/profile request for kisodrakon. Data: Name=Älskar, Family=Hundalfson
[2025-12-06T12:20:12.509Z] PUT /api/profile request for kisodrakon. Data: Name=Älskar, Family=Hundalfson
[2025-12-06T12:20:23.227Z] PUT /api/profile request for kisodrakon. Data: Name=Älskar, Family=Hundalfson
[2025-12-06T12:20:25.355Z] PUT /api/profile request for kisodrakon. Data: Name=Älskar, Family=Hundalfson
[2025-12-06T12:20:38.302Z] PUT /api/profile request for kisodrakon. Data: Name=Älskar, Family=Hundalfson
[2025-12-06T12:21:10.124Z] GET /api/profile request for username: kisodrakon
[2025-12-06T12:21:11.107Z] GET /api/profile request for username: kisodrakon
[2025-12-06T12:22:24.075Z] GET /api/profile request for username: kisodrakon
[2025-12-06T12:22:25.151Z] GET /api/profile request for username: kisodrakon
[2025-12-06T12:22:39.993Z] PUT /api/profile request for kisodrakon. Data: Name=Älskar, Family=Hundalfson
[2025-12-06T12:22:40.786Z] PUT /api/profile request for kisodrakon. Data: Name=Älskar, Family=Hundalfson
[2025-12-06T12:24:37.930Z] GET /api/profile request for username: kisodrakon
[2025-12-06T12:24:38.304Z] GET /api/profile request for username: kisodrakon
[2025-12-06T12:24:38.652Z] GET /api/profile request for username: kisodrakon
[2025-12-06T12:24:38.656Z] PUT /api/profile request for kisodrakon. Data: Name=Älskar, Family=Hundalfson
[2025-12-06T12:24:39.072Z] PUT /api/profile request for kisodrakon. Data: Name=Älskar, Family=Hundalfson
[2025-12-06T12:35:55.819Z] GET /api/profile request for username: kisodrakon
[2025-12-06T12:35:56.601Z] GET /api/profile request for username: kisodrakon
[2025-12-06T12:35:56.994Z] GET /api/profile request for username: kisodrakon
