[2026-01-14T21:59:29.069Z] Log Initialized
[2026-01-14T21:59:59.945Z] Log Initialized
[2026-01-14T22:00:34.815Z] [CONN] ATTEMPT: Attempt to unlink Google account from Telegram @max_postnikov
[2026-01-14T22:00:35.666Z] [CONN] SUCCESS: Successfully unlinked Google account from Telegram @max_postnikov (ID: rectsvcJ7M2AAioNs)
[2026-01-14T22:01:40.879Z] [CONN] ATTEMPT: Attempt to link Google account m.postnikov@gmail.com to Telegram @max_postnikov
[2026-01-14T22:01:41.837Z] [CONN] SUCCESS: Successfully linked m.postnikov@gmail.com to Telegram @max_postnikov (ID: rectsvcJ7M2AAioNs)
[2026-01-14T22:03:32.149Z] [CONN] ATTEMPT: Attempt to disconnect Telegram for user m.postnikov@gmail.com
[2026-01-14T22:03:33.151Z] [CONN] SUCCESS: Successfully disconnected Telegram @max_postnikov from m.postnikov@gmail.com
[2026-01-14T22:04:24.133Z] [CONN] ATTEMPT: Attempt to connect @max_postnikov to Google account m.postnikov@gmail.com
[2026-01-14T22:04:24.134Z] [CONN] SUCCESS: OTP verified successfully for @max_postnikov
[2026-01-14T22:04:28.204Z] [CONN] ATTEMPT: Attempt to connect @max_postnikov to Google account m.postnikov@gmail.com
[2026-01-14T22:04:34.383Z] [CONN] SUCCESS: Successfully linked Telegram @max_postnikov to Google account m.postnikov@gmail.com (ID: rectsvcJ7M2AAioNs)
[2026-01-14T22:07:09.140Z] [CONN] ATTEMPT: Telegram OTP request for @kisodrakon
[2026-01-14T22:07:09.645Z] [CONN] SUCCESS: Proactive OTP successfully sent to @kisodrakon (7769456432)
[2026-01-14T22:10:15.383Z] [CONN] ATTEMPT: Attempt to link Google account m.postnikov@gmail.com to Telegram @kisodrakon
[2026-01-14T22:13:07.585Z] [CONN] ATTEMPT: Attempt to link Google account m.postnikov@gmail.com to Telegram @kisodrakon
[2026-01-14T22:15:29.992Z] [CONN] ATTEMPT: Attempt to link Google account m.postnikov@gmail.com to Telegram @kisodrakon
[2026-01-14T22:15:50.783Z] [CONN] ATTEMPT: Attempt to link Google account kisodrakon@gmail.com to Telegram @kisodrakon
[2026-01-14T22:15:51.875Z] [CONN] SUCCESS: Successfully linked kisodrakon@gmail.com to Telegram @kisodrakon (ID: recx8xEERi5fHD75t)
[2026-01-14T22:16:40.653Z] [CONN] ATTEMPT: Google login attempt for m.postnikov@gmail.com
[2026-01-14T22:16:41.204Z] [CONN] SUCCESS: Google login success: Existing user m.postnikov@gmail.com (ID: rectsvcJ7M2AAioNs)
[2026-01-14T22:17:06.078Z] [CONN] ATTEMPT: Google login attempt for kisodrakon@gmail.com
[2026-01-14T22:17:06.634Z] [CONN] SUCCESS: Google login success: Existing user kisodrakon@gmail.com (ID: recx8xEERi5fHD75t)
[2026-01-14T22:22:15.313Z] [CONN] ATTEMPT: Google login attempt for m.postnikov@gmail.com
[2026-01-14T22:22:15.928Z] [CONN] SUCCESS: Google login success: Existing user m.postnikov@gmail.com (ID: rectsvcJ7M2AAioNs)
[2026-01-14T22:56:12.255Z] Log Initialized
[2026-01-14T22:56:52.868Z] Log Initialized
[2026-01-14T22:57:58.415Z] [CONN] ATTEMPT: Google login attempt for m.postnikov@gmail.com
[2026-01-14T22:57:58.999Z] [CONN] SUCCESS: Google login success: Existing user m.postnikov@gmail.com (ID: rectsvcJ7M2AAioNs)
[2026-01-14T23:03:55.399Z] Log Initialized
[2026-01-14T23:04:36.679Z] [CONN] ERROR: LinkedIn Auth Error: Request failed with status code 400
[2026-01-14T23:04:37.198Z] [CONN] ERROR: LinkedIn Auth Error: Request failed with status code 401
[2026-01-14T23:04:48.243Z] [CONN] ATTEMPT: LinkedIn login attempt for m.postnikov@gmail.com (sub: t5K-8hBkoU)
[2026-01-14T23:04:48.276Z] [CONN] ATTEMPT: LinkedIn login attempt for m.postnikov@gmail.com (sub: t5K-8hBkoU)
[2026-01-14T23:05:10.466Z] [CONN] SUCCESS: LinkedIn login: Linked to existing email m.postnikov@gmail.com
[2026-01-14T23:05:10.597Z] [CONN] SUCCESS: LinkedIn login: Linked to existing email m.postnikov@gmail.com
[2026-01-14T23:05:10.932Z] [CONN] ERROR: LinkedIn Auth Error: Request failed with status code 400
[2026-01-14T23:05:10.973Z] [CONN] ERROR: LinkedIn Auth Error: Request failed with status code 400
[2026-01-14T23:05:30.833Z] [CONN] ERROR: LinkedIn Auth Error: Request failed with status code 400
[2026-01-14T23:05:31.386Z] [CONN] ERROR: LinkedIn Auth Error: Request failed with status code 401
[2026-01-14T23:06:34.930Z] Log Initialized
[2026-01-14T23:06:56.684Z] [CONN] ATTEMPT: LinkedIn login attempt for m.postnikov@gmail.com (sub: t5K-8hBkoU)
[2026-01-14T23:06:56.873Z] [CONN] SUCCESS: LinkedIn login success: Found via Linkedin_ID m.postnikov@gmail.com
[2026-01-14T23:06:57.207Z] [CONN] ERROR: LinkedIn Auth Error: Request failed with status code 400
[2026-01-14T23:07:32.063Z] [CONN] ATTEMPT: LinkedIn login attempt for m.postnikov@gmail.com (sub: t5K-8hBkoU)
[2026-01-14T23:07:32.627Z] [CONN] SUCCESS: LinkedIn login success: Found via Linkedin_ID m.postnikov@gmail.com
[2026-01-14T23:07:32.992Z] [CONN] ERROR: LinkedIn Auth Error: Request failed with status code 400
[2026-01-14T23:09:27.198Z] [CONN] ATTEMPT: LinkedIn login attempt for m.postnikov@gmail.com (sub: t5K-8hBkoU)
[2026-01-14T23:09:27.732Z] [CONN] SUCCESS: LinkedIn login success: Found via Linkedin_ID m.postnikov@gmail.com
[2026-01-14T23:09:28.038Z] [CONN] ERROR: LinkedIn Auth Error: Request failed with status code 400
[2026-01-14T23:10:00.435Z] [CONN] ATTEMPT: Google login attempt for kisodrakon@gmail.com
[2026-01-14T23:10:01.006Z] [CONN] SUCCESS: Google login success: Existing user kisodrakon@gmail.com (ID: recx8xEERi5fHD75t)
[2026-01-14T23:10:17.887Z] [CONN] ATTEMPT: LinkedIn login attempt for m.postnikov@gmail.com (sub: t5K-8hBkoU)
[2026-01-14T23:10:18.984Z] [CONN] SUCCESS: LinkedIn login: Linked to existing email m.postnikov@gmail.com
[2026-01-14T23:10:19.368Z] [CONN] ERROR: LinkedIn Auth Error: Request failed with status code 400
[2026-01-14T23:12:57.823Z] [CONN] ATTEMPT: LinkedIn login attempt for m.postnikov@gmail.com (sub: t5K-8hBkoU)
[2026-01-14T23:12:58.914Z] [CONN] SUCCESS: LinkedIn login: New user created m.postnikov@gmail.com
[2026-01-14T23:13:04.230Z] [CONN] ERROR: LinkedIn Auth Error: Request failed with status code 400
[2026-01-14T23:14:37.513Z] [CONN] ATTEMPT: LinkedIn login attempt for m.postnikov@gmail.com (sub: t5K-8hBkoU)
[2026-01-14T23:14:37.961Z] [CONN] SUCCESS: LinkedIn login success: Found via Linkedin_ID m.postnikov@gmail.com
[2026-01-14T23:14:38.310Z] [CONN] ERROR: LinkedIn Auth Error: Request failed with status code 400
[2026-01-14T23:18:39.841Z] [CONN] ATTEMPT: LinkedIn login attempt for m.postnikov@gmail.com (sub: t5K-8hBkoU)
[2026-01-14T23:18:40.463Z] [CONN] SUCCESS: LinkedIn login success: Found via Linkedin_ID m.postnikov@gmail.com
[2026-01-14T23:19:55.953Z] [CONN] ATTEMPT: LinkedIn login attempt for m.postnikov@gmail.com (sub: t5K-8hBkoU)
[2026-01-14T23:19:56.984Z] [CONN] SUCCESS: LinkedIn login: Linked to existing email m.postnikov@gmail.com
[2026-01-14T23:25:04.124Z] Log Initialized
[2026-01-14T23:26:51.410Z] [CONN] ATTEMPT: Google login attempt for m.postnikov@gmail.com
[2026-01-14T23:26:52.146Z] [CONN] SUCCESS: Google login success: Existing user m.postnikov@gmail.com (ID: rectsvcJ7M2AAioNs)
[2026-01-14T23:30:29.386Z] Log Initialized
[2026-01-14T23:32:07.393Z] [CONN] ATTEMPT: Telegram OTP request for @max_postnikov
[2026-01-14T23:32:08.010Z] [CONN] SUCCESS: Proactive OTP successfully sent to @max_postnikov (379053)
[2026-01-14T23:35:55.446Z] Log Initialized
[2026-01-14T23:39:39.727Z] [CONN] ATTEMPT: LinkedIn login attempt for m.postnikov@gmail.com (sub: t5K-8hBkoU)
[2026-01-14T23:39:40.585Z] [CONN] SUCCESS: LinkedIn login: Linked to existing email m.postnikov@gmail.com
[2026-01-14T23:47:28.737Z] [CONN] ATTEMPT: LinkedIn login attempt for m.postnikov@gmail.com (sub: t5K-8hBkoU)
[2026-01-14T23:47:31.046Z] [CONN] SUCCESS: LinkedIn login success: Found via Linkedin_ID m.postnikov@gmail.com
[2026-01-22T11:03:06.544Z] Log Initialized
[2026-01-22T16:23:51.620Z] Log Initialized
[2026-01-23T06:09:22.182Z] Log Initialized
[2026-01-23T09:53:55.758Z] Log Initialized
[2026-01-23T10:07:29.982Z] Log Initialized
[2026-01-23T22:51:09.258Z] Log Initialized
[2026-01-23T23:17:56.944Z] Log Initialized
[2026-01-23T23:18:10.719Z] Log Initialized
[2026-01-23T23:18:15.640Z] Log Initialized
[2026-01-23T23:23:39.346Z] Log Initialized
[2026-01-23T23:24:34.821Z] Log Initialized
[2026-01-23T23:24:42.712Z] Log Initialized
[2026-01-23T23:24:53.283Z] Log Initialized
[2026-01-23T23:24:53.692Z] Log Initialized
[2026-01-23T23:56:35.545Z] Log Initialized
[2026-01-24T00:00:55.786Z] Log Initialized
[2026-01-24T00:03:37.587Z] Log Initialized
[2026-01-24T00:03:37.587Z] Log Initialized
[2026-01-24T00:03:49.208Z] Log Initialized
[2026-01-24T00:03:49.208Z] Log Initialized
[2026-01-24T00:48:54.954Z] Log Initialized
[2026-01-24T01:39:01.998Z] Log Initialized
[2026-01-24T17:01:48.109Z] Log Initialized
[2026-01-24T17:02:22.481Z] Log Initialized
[2026-01-24T17:02:28.623Z] Log Initialized
[2026-01-24T17:02:33.647Z] Log Initialized
[2026-01-24T17:02:39.600Z] Log Initialized
[2026-01-24T17:02:54.663Z] Log Initialized
[2026-01-24T17:03:02.152Z] Log Initialized
[2026-01-24T17:03:18.929Z] Log Initialized
[2026-01-24T17:03:39.462Z] Log Initialized
[2026-01-24T17:03:55.776Z] Log Initialized
[2026-01-24T17:04:26.898Z] Log Initialized
[2026-01-24T17:23:05.759Z] Log Initialized
[2026-01-24T17:26:04.731Z] Log Initialized
[2026-01-26T19:24:07.433Z] Log Initialized
[2026-01-26T23:22:27.485Z] Log Initialized
[2026-01-31T13:59:00.988Z] Log Initialized
[2026-01-31T16:36:53.485Z] Log Initialized
[2026-01-31T16:43:06.537Z] Log Initialized
[2026-01-31T16:48:50.670Z] Log Initialized
[2026-01-31T16:51:33.420Z] Log Initialized
[2026-01-31T16:54:14.369Z] [CONN] ATTEMPT: LinkedIn login attempt for m.postnikov@gmail.com (sub: t5K-8hBkoU)
[2026-01-31T16:54:14.937Z] [CONN] SUCCESS: LinkedIn login success: Found via Linkedin_ID m.postnikov@gmail.com
[2026-01-31T17:04:19.688Z] Log Initialized
[2026-01-31T17:10:06.883Z] Log Initialized
[2026-01-31T18:29:51.776Z] Log Initialized
[2026-01-31T19:12:28.572Z] Log Initialized
[2026-01-31T19:16:18.546Z] Log Initialized
[2026-01-31T19:47:04.429Z] Log Initialized
[2026-01-31T20:38:09.691Z] Log Initialized
[2026-01-31T20:38:09.691Z] Log Initialized
[2026-01-31T20:38:11.267Z] Log Initialized
[2026-01-31T20:38:11.311Z] Log Initialized
[2026-01-31T20:48:14.612Z] Log Initialized
[2026-01-31T20:53:16.273Z] Log Initialized
[2026-02-01T20:54:01.800Z] Log Initialized
[2026-02-01T21:00:23.771Z] Log Initialized
[2026-02-01T21:00:36.416Z] Log Initialized
[2026-02-01T21:13:43.232Z] Log Initialized
[2026-02-01T21:17:20.783Z] Log Initialized
[2026-02-09T13:19:21.356Z] Log Initialized
[2026-02-26T12:37:19.333Z] Log Initialized
[2026-02-26T12:50:50.902Z] Log Initialized
[2026-02-26T12:50:59.651Z] Log Initialized
[2026-02-26T12:51:46.870Z] Log Initialized
[2026-02-26T12:51:53.836Z] Log Initialized
[2026-02-26T12:52:01.104Z] Log Initialized
[2026-02-26T12:52:10.365Z] Log Initialized
[2026-02-26T12:52:17.777Z] Log Initialized
[2026-02-26T12:52:24.405Z] Log Initialized
[2026-02-26T12:54:12.842Z] Log Initialized
[2026-02-26T12:54:17.561Z] Log Initialized
[2026-02-26T12:54:22.228Z] Log Initialized
[2026-02-26T13:02:53.268Z] Log Initialized
[2026-02-26T13:02:59.384Z] Log Initialized
[2026-02-26T13:04:05.051Z] Log Initialized
[2026-02-26T13:07:20.458Z] Log Initialized
[2026-02-26T13:08:55.209Z] Log Initialized
[2026-02-26T13:08:55.209Z] Log Initialized
[2026-02-26T13:19:50.759Z] Log Initialized
[2026-02-26T13:19:50.759Z] Log Initialized
[2026-02-26T13:20:00.940Z] Log Initialized
[2026-02-26T13:20:00.940Z] Log Initialized
[2026-02-26T13:20:12.532Z] Log Initialized
[2026-02-26T13:20:12.532Z] Log Initialized
[2026-02-26T13:20:32.762Z] Log Initialized
[2026-02-26T13:20:32.762Z] Log Initialized
[2026-02-26T13:20:43.367Z] Log Initialized
[2026-02-26T13:20:43.367Z] Log Initialized
[2026-02-26T13:22:04.602Z] [CONN] ATTEMPT: Telegram OTP request for @max_postnikov
[2026-02-26T13:22:05.262Z] [CONN] SUCCESS: Proactive OTP successfully sent to @max_postnikov (379053)
[2026-02-26T13:24:18.005Z] Log Initialized
[2026-02-26T13:24:41.864Z] [CONN] ATTEMPT: Telegram OTP request for @max_postnikov
[2026-02-26T13:24:42.586Z] [CONN] SUCCESS: Proactive OTP successfully sent to @max_postnikov (379053)
[2026-02-26T13:25:11.997Z] [CONN] ATTEMPT: Telegram OTP request for @max_postnikov
[2026-02-26T13:25:12.660Z] [CONN] SUCCESS: Proactive OTP successfully sent to @max_postnikov (379053)
[2026-02-26T14:03:23.783Z] Log Initialized
[2026-02-26T14:03:23.783Z] Log Initialized
[2026-02-26T14:03:23.783Z] Log Initialized
[2026-02-26T14:03:28.498Z] Log Initialized
[2026-02-26T14:03:28.499Z] Log Initialized
[2026-02-26T14:03:28.526Z] Log Initialized
[2026-02-26T14:03:34.571Z] Log Initialized
[2026-02-26T14:03:34.573Z] Log Initialized
[2026-02-26T14:03:34.603Z] Log Initialized
[2026-02-26T14:03:37.942Z] Log Initialized
[2026-02-26T14:03:37.943Z] Log Initialized
[2026-02-26T14:03:38.013Z] Log Initialized
[2026-02-26T14:03:46.219Z] Log Initialized
[2026-02-26T14:03:46.224Z] Log Initialized
[2026-02-26T14:03:46.279Z] Log Initialized
[2026-02-26T14:03:48.841Z] Log Initialized
[2026-02-26T14:03:48.841Z] Log Initialized
[2026-02-26T14:03:48.887Z] Log Initialized
[2026-02-26T14:03:52.665Z] Log Initialized
[2026-02-26T14:03:52.667Z] Log Initialized
[2026-02-26T14:03:52.703Z] Log Initialized
[2026-02-26T14:04:56.447Z] Log Initialized
[2026-02-26T14:04:56.447Z] Log Initialized
[2026-02-26T14:04:56.447Z] Log Initialized
[2026-02-26T14:06:20.487Z] Log Initialized
[2026-02-26T14:06:20.487Z] Log Initialized
[2026-02-26T14:06:20.487Z] Log Initialized
[2026-02-26T14:07:07.538Z] Log Initialized
[2026-02-26T14:07:07.538Z] Log Initialized
[2026-02-26T14:07:07.538Z] Log Initialized
[2026-02-26T14:10:05.342Z] Log Initialized
[2026-02-26T14:10:05.342Z] Log Initialized
[2026-02-26T14:10:05.342Z] Log Initialized
[2026-02-26T14:10:16.823Z] Log Initialized
[2026-02-26T14:10:16.823Z] Log Initialized
[2026-02-26T14:10:16.823Z] Log Initialized
[2026-02-26T14:10:31.443Z] Log Initialized
[2026-02-26T14:10:31.443Z] Log Initialized
[2026-02-26T14:10:31.443Z] Log Initialized
[2026-02-26T14:10:39.280Z] Log Initialized
[2026-02-26T14:10:39.285Z] Log Initialized
[2026-02-26T14:10:39.296Z] Log Initialized
[2026-02-26T14:11:24.214Z] Log Initialized
[2026-02-26T14:11:24.214Z] Log Initialized
[2026-02-26T14:11:24.214Z] Log Initialized
[2026-02-26T14:12:25.671Z] Log Initialized
[2026-02-26T14:12:25.671Z] Log Initialized
[2026-02-26T14:12:25.671Z] Log Initialized
[2026-02-26T14:52:11.654Z] Log Initialized
[2026-02-26T14:55:19.462Z] Log Initialized
[2026-02-26T16:20:21.843Z] Log Initialized
[2026-02-26T16:24:10.797Z] Log Initialized
[2026-02-26T16:30:26.643Z] Log Initialized
[2026-02-26T16:30:26.643Z] Log Initialized
[2026-02-26T16:30:26.644Z] Log Initialized
[2026-02-26T16:30:26.645Z] Log Initialized
[2026-02-26T16:32:53.171Z] Log Initialized
[2026-02-26T16:32:53.171Z] Log Initialized
[2026-02-26T16:32:53.171Z] Log Initialized
[2026-02-26T16:32:53.171Z] Log Initialized
[2026-02-26T16:33:06.208Z] Log Initialized
[2026-02-26T16:33:06.208Z] Log Initialized
[2026-02-26T16:33:06.208Z] Log Initialized
[2026-02-26T16:33:06.208Z] Log Initialized
[2026-02-26T16:33:24.958Z] Log Initialized
[2026-02-26T16:33:24.958Z] Log Initialized
[2026-02-26T16:33:24.958Z] Log Initialized
[2026-02-26T16:33:24.958Z] Log Initialized
[2026-02-26T16:33:31.651Z] Log Initialized
[2026-02-26T16:33:31.653Z] Log Initialized
[2026-02-26T16:33:31.655Z] Log Initialized
[2026-02-26T16:33:31.685Z] Log Initialized
[2026-02-26T16:33:37.963Z] Log Initialized
[2026-02-26T16:33:37.963Z] Log Initialized
[2026-02-26T16:33:37.963Z] Log Initialized
[2026-02-26T16:33:38.000Z] Log Initialized
[2026-02-26T16:33:44.328Z] Log Initialized
[2026-02-26T16:33:44.329Z] Log Initialized
[2026-02-26T16:33:44.331Z] Log Initialized
[2026-02-26T16:33:44.356Z] Log Initialized
[2026-02-26T16:33:50.858Z] Log Initialized
[2026-02-26T16:33:50.862Z] Log Initialized
[2026-02-26T16:33:50.872Z] Log Initialized
[2026-02-26T16:33:50.894Z] Log Initialized
[2026-02-26T16:33:57.446Z] Log Initialized
[2026-02-26T16:33:57.445Z] Log Initialized
[2026-02-26T16:33:57.449Z] Log Initialized
[2026-02-26T16:33:57.478Z] Log Initialized
[2026-02-26T16:52:17.280Z] [CONN] ATTEMPT: Telegram OTP request for @kisodrakon
[2026-02-26T16:56:25.405Z] Log Initialized
[2026-02-26T16:56:25.405Z] Log Initialized
[2026-02-26T16:56:25.405Z] Log Initialized
[2026-02-26T16:56:25.405Z] Log Initialized
[2026-02-28T08:34:57.422Z] Log Initialized
[2026-02-28T08:56:15.002Z] Log Initialized
[2026-02-28T08:56:38.980Z] Log Initialized
[2026-02-28T08:56:51.499Z] Log Initialized
[2026-02-28T08:56:59.436Z] Log Initialized
[2026-02-28T08:57:11.622Z] Log Initialized
[2026-02-28T08:57:14.376Z] Log Initialized
[2026-02-28T09:00:07.891Z] Log Initialized
[2026-02-28T09:00:15.898Z] Log Initialized
[2026-02-28T09:00:26.589Z] Log Initialized
[2026-02-28T09:00:51.642Z] Log Initialized
[2026-02-28T10:36:30.132Z] Log Initialized
[2026-02-28T12:29:43.552Z] Log Initialized
[2026-02-28T12:34:24.625Z] Log Initialized
[2026-02-28T12:34:32.226Z] Log Initialized
[2026-02-28T12:34:41.827Z] Log Initialized
[2026-02-28T12:37:40.380Z] Log Initialized
[2026-02-28T12:44:22.887Z] Log Initialized
[2026-02-28T12:51:55.099Z] Log Initialized
[2026-02-28T12:52:08.758Z] Log Initialized
[2026-02-28T12:53:51.503Z] Log Initialized
[2026-02-28T12:53:54.793Z] Log Initialized
[2026-02-28T12:57:16.914Z] Log Initialized
[2026-02-28T12:57:22.907Z] Log Initialized
[2026-02-28T13:08:20.293Z] Log Initialized
[2026-02-28T13:25:59.613Z] Log Initialized
[2026-02-28T13:26:43.507Z] Log Initialized
[2026-02-28T13:59:42.667Z] Log Initialized
[2026-02-28T13:59:54.145Z] Log Initialized
[2026-02-28T13:59:55.478Z] Log Initialized
[2026-02-28T13:59:56.574Z] Log Initialized
[2026-02-28T13:59:57.768Z] Log Initialized
[2026-02-28T13:59:59.183Z] Log Initialized
[2026-02-28T14:00:00.433Z] Log Initialized
[2026-02-28T14:17:44.729Z] Log Initialized
[2026-02-28T14:17:51.949Z] Log Initialized
[2026-02-28T15:16:08.996Z] Log Initialized
[2026-02-28T15:16:09.791Z] Log Initialized
[2026-02-28T15:16:11.579Z] Log Initialized
[2026-02-28T15:16:16.509Z] Log Initialized
[2026-02-28T15:16:18.342Z] Log Initialized
[2026-02-28T15:40:41.811Z] Log Initialized
[2026-02-28T15:49:10.450Z] Log Initialized
[2026-02-28T15:49:18.818Z] Log Initialized
[2026-02-28T15:49:31.835Z] Log Initialized
[2026-02-28T15:55:46.649Z] Log Initialized
[2026-02-28T15:57:12.590Z] Log Initialized
[2026-02-28T15:57:32.461Z] Log Initialized
[2026-02-28T15:57:46.876Z] Log Initialized
[2026-02-28T15:58:26.568Z] Log Initialized
[2026-02-28T16:34:35.990Z] Log Initialized
[2026-02-28T17:25:10.038Z] Log Initialized
[2026-02-28T17:25:18.536Z] Log Initialized
[2026-02-28T17:25:33.885Z] Log Initialized
[2026-02-28T17:25:39.702Z] Log Initialized
[2026-02-28T17:25:53.389Z] Log Initialized
[2026-02-28T17:26:13.323Z] Log Initialized
[2026-02-28T17:26:51.628Z] Log Initialized
[2026-02-28T17:27:01.555Z] Log Initialized
[2026-02-28T17:27:18.636Z] Log Initialized
[2026-02-28T17:27:21.322Z] Log Initialized
[2026-02-28T17:27:41.342Z] Log Initialized
[2026-02-28T17:27:50.820Z] Log Initialized
[2026-02-28T17:28:16.658Z] Log Initialized
[2026-02-28T17:29:40.321Z] Log Initialized
[2026-02-28T17:30:02.349Z] Log Initialized
[2026-02-28T17:30:07.418Z] Log Initialized
[2026-02-28T17:32:28.080Z] Log Initialized
[2026-02-28T17:33:17.142Z] Log Initialized
[2026-02-28T17:33:19.971Z] Log Initialized
[2026-02-28T17:33:22.013Z] Log Initialized
[2026-02-28T17:34:16.227Z] Log Initialized
[2026-02-28T17:34:18.204Z] Log Initialized
[2026-02-28T17:34:24.327Z] Log Initialized
[2026-02-28T17:34:33.100Z] Log Initialized
[2026-02-28T17:36:42.607Z] Log Initialized
[2026-02-28T17:36:58.879Z] Log Initialized
[2026-02-28T17:37:18.793Z] Log Initialized
[2026-02-28T17:37:27.324Z] Log Initialized
[2026-02-28T17:43:10.718Z] Log Initialized
[2026-02-28T17:56:45.911Z] Log Initialized
[2026-02-28T18:11:51.441Z] Log Initialized
[2026-02-28T18:19:31.558Z] Log Initialized
[2026-02-28T18:19:32.726Z] Log Initialized
[2026-02-28T18:19:42.018Z] Log Initialized
[2026-02-28T18:19:43.020Z] Log Initialized
[2026-02-28T18:19:48.328Z] Log Initialized
[2026-02-28T18:19:49.358Z] Log Initialized
