[2025-12-08T07:04:34.542Z] GET /api/profile request for username: max_postnikov
[2025-12-08T07:04:36.037Z] GET /api/profile request for username: max_postnikov
[2025-12-08T07:04:36.772Z] GET /api/profile request for username: max_postnikov
[2025-12-08T07:04:37.904Z] GET /api/profile request for username: max_postnikov
[2025-12-08T07:04:38.754Z] GET /api/profile request for username: max_postnikov
[2025-12-08T07:04:48.809Z] PUT /api/profile request for max_postnikov. Data: Name=Maxim, Family=Postnikov
[2025-12-08T08:10:42.390Z] GET /api/profile request for username: max_postnikov
[2025-12-08T08:10:43.718Z] GET /api/profile request for username: max_postnikov
[2025-12-08T08:10:44.492Z] GET /api/profile request for username: max_postnikov
[2025-12-08T10:56:29.308Z] GET /api/profile request for username: max_postnikov
[2025-12-08T10:56:30.768Z] GET /api/profile request for username: max_postnikov
[2025-12-08T10:56:31.692Z] GET /api/profile request for username: max_postnikov
[2025-12-08T10:56:33.748Z] GET /api/profile request for username: pointofno
[2025-12-08T10:56:34.548Z] GET /api/profile request for username: pointofno
[2025-12-08T11:06:35.584Z] GET /api/profile request for username: pointofno
[2025-12-08T11:08:42.790Z] GET /api/profile request for username: pointofno
[2025-12-08T11:08:42.795Z] GET /api/profile request for username: max_postnikov
[2025-12-08T11:08:44.147Z] GET /api/profile request for username: pointofno
[2025-12-08T11:09:56.439Z] GET /api/profile request for username: pointofno
[2025-12-08T11:09:56.454Z] GET /api/profile request for username: max_postnikov
[2025-12-08T11:09:57.778Z] GET /api/profile request for username: pointofno
[2025-12-08T12:05:17.423Z] GET /api/profile request for username: pointofno
[2025-12-08T12:05:17.435Z] GET /api/profile request for username: max_postnikov
[2025-12-08T12:05:18.755Z] GET /api/profile request for username: pointofno
[2025-12-08T12:05:20.042Z] GET /api/profile request for username: max_postnikov
[2025-12-08T12:05:21.062Z] GET /api/profile request for username: max_postnikov
[2025-12-11T12:40:49.292Z] GET /api/profile request for username: kisodrakon
[2025-12-11T12:40:50.527Z] GET /api/profile request for username: kisodrakon
[2025-12-11T12:40:51.284Z] GET /api/profile request for username: kisodrakon
[2025-12-11T12:41:08.750Z] GET /api/profile request for username: max_postnikov
[2025-12-11T12:41:09.669Z] GET /api/profile request for username: max_postnikov
[2025-12-11T12:41:10.587Z] GET /api/profile request for username: max_postnikov
[2025-12-11T12:41:18.862Z] GET /api/profile request for username: pointofno
[2025-12-11T12:41:20.344Z] GET /api/profile request for username: pointofno
[2025-12-11T12:42:19.576Z] GET /api/profile request for username: pointofno
[2025-12-11T12:46:17.891Z] GET /api/profile request for username: pointofno
[2025-12-11T12:49:59.808Z] GET /api/profile request for username: pointofno
[2025-12-11T12:49:59.822Z] GET /api/profile request for username: max_postnikov
[2025-12-11T12:50:02.926Z] GET /api/profile request for username: pointofno
[2025-12-11T12:50:12.134Z] GET /api/profile request for username: pointofno
[2025-12-11T12:50:12.144Z] GET /api/profile request for username: max_postnikov
[2025-12-11T12:50:13.732Z] GET /api/profile request for username: pointofno
[2025-12-11T12:50:31.344Z] GET /api/profile request for username: ivin_sergei
[2025-12-11T12:50:31.362Z] GET /api/profile request for username: max_postnikov
[2025-12-11T12:50:31.971Z] GET /api/profile request for username: ivin_sergei
[2025-12-11T12:51:43.890Z] GET /api/profile request for username: pointofno
[2025-12-11T12:52:12.787Z] GET /api/profile request for username: max_postnikov
[2025-12-11T12:52:14.400Z] GET /api/profile request for username: max_postnikov
[2025-12-11T12:52:20.161Z] GET /api/profile request for username: pointofno
[2025-12-11T12:52:21.406Z] GET /api/profile request for username: pointofno
[2025-12-11T12:52:38.553Z] GET /api/profile request for username: pointofno
[2025-12-11T12:52:38.557Z] GET /api/profile request for username: max_postnikov
[2025-12-11T12:52:39.925Z] GET /api/profile request for username: pointofno
[2025-12-11T12:53:03.786Z] GET /api/profile request for username: pointofno
[2025-12-11T12:53:03.793Z] GET /api/profile request for username: pointofno
[2025-12-11T12:53:16.756Z] GET /api/profile request for username: kisodrakon
[2025-12-11T12:53:17.579Z] GET /api/profile request for username: kisodrakon
[2025-12-11T12:53:18.376Z] GET /api/profile request for username: kisodrakon
[2025-12-11T12:53:22.584Z] PUT /api/profile request for kisodrakon. Data: Name=Älskar, Family=Hundalfson
[2025-12-11T12:53:23.509Z] PUT /api/profile request for kisodrakon. Data: Name=Älskar, Family=Hundalfson
[2025-12-11T12:54:32.246Z] GET /api/profile request for username: kisodrakon
[2025-12-11T12:54:33.390Z] GET /api/profile request for username: kisodrakon
[2025-12-11T12:54:34.114Z] GET /api/profile request for username: kisodrakon
[2025-12-11T12:55:42.047Z] GET /api/profile request for username: kisodrakon
[2025-12-11T12:56:13.377Z] GET /api/profile request for username: kisodrakon
[2025-12-11T12:56:14.660Z] GET /api/profile request for username: kisodrakon
[2025-12-11T12:56:15.444Z] GET /api/profile request for username: kisodrakon
[2025-12-11T12:57:21.494Z] PUT /api/profile request for kisodrakon. Data: Name=Älskar, Family=Hundalfson
[2025-12-11T12:57:22.162Z] PUT /api/profile request for kisodrakon. Data: Name=Älskar, Family=Hundalfson
[2025-12-11T12:57:22.166Z] PUT /api/profile request for kisodrakon. Data: Name=Älskar, Family=Hundalfson
[2025-12-11T12:59:33.153Z] PUT /api/profile request for kisodrakon. Data: Name=Älskar, Family=Hundalfson
[2025-12-11T12:59:33.161Z] PUT /api/profile request for kisodrakon. Data: Name=Älskar, Family=Hundalfson
[2025-12-11T12:59:33.598Z] PUT /api/profile request for kisodrakon. Data: Name=Älskar, Family=Hundalfson
[2025-12-11T12:59:34.494Z] PUT /api/profile request for kisodrakon. Data: Name=Älskar, Family=Hundalfson
[2025-12-11T13:00:14.360Z] GET /api/profile request for username: kisodrakon
[2025-12-11T13:00:15.677Z] GET /api/profile request for username: kisodrakon
[2025-12-11T13:00:27.234Z] PUT /api/profile request for kisodrakon. Data: Name=Älskar, Family=Hundalfson
[2025-12-11T13:00:32.702Z] PUT /api/profile request for kisodrakon. Data: Name=Älskar, Family=Hundalfson
[2025-12-11T13:00:33.854Z] PUT /api/profile request for kisodrakon. Data: Name=Älskar, Family=Hundalfson
[2025-12-11T13:00:35.229Z] PUT /api/profile request for kisodrakon. Data: Name=Älskar, Family=Hundalfson
[2025-12-11T13:00:36.887Z] PUT /api/profile request for kisodrakon. Data: Name=Älskar, Family=Hundalfson
[2025-12-11T13:00:37.435Z] PUT /api/profile request for kisodrakon. Data: Name=Älskar, Family=Hundalfson
[2025-12-11T13:00:43.772Z] PUT /api/profile request for kisodrakon. Data: Name=Älskar, Family=Hundalfson
[2025-12-11T13:00:43.855Z] PUT /api/profile request for kisodrakon. Data: Name=Älskar, Family=Hundalfson
[2025-12-11T13:00:44.513Z] PUT /api/profile request for kisodrakon. Data: Name=Älskar, Family=Hundalfson
[2025-12-11T13:42:39.403Z] GET /api/profile request for username: max_postnikov
[2025-12-11T13:42:40.915Z] GET /api/profile request for username: max_postnikov
[2025-12-11T13:42:50.894Z] PUT /api/profile request for max_postnikov. Data: Name=Maxim, Family=Postnikov
[2025-12-11T13:42:50.934Z] PUT /api/profile request for max_postnikov. Data: Name=Maxim, Family=Postnikov
[2025-12-11T13:42:51.699Z] PUT /api/profile request for max_postnikov. Data: Name=Maxim, Family=Postnikov
[2025-12-11T13:43:04.376Z] PUT /api/profile request for max_postnikov. Data: Name=Maxim, Family=Postnikov
[2025-12-11T13:43:22.247Z] PUT /api/profile request for max_postnikov. Data: Name=Maxim, Family=Postnikov
[2025-12-11T13:43:23.093Z] PUT /api/profile request for max_postnikov. Data: Name=Maxim, Family=Postnikov
[2025-12-11T13:43:23.109Z] PUT /api/profile request for max_postnikov. Data: Name=Maxim, Family=Postnikov
[2025-12-11T13:43:27.534Z] PUT /api/profile request for max_postnikov. Data: Name=Maxim, Family=Postnikov
[2025-12-11T13:43:27.548Z] PUT /api/profile request for max_postnikov. Data: Name=Maxim, Family=Postnikov
[2025-12-11T13:43:28.021Z] PUT /api/profile request for max_postnikov. Data: Name=Maxim, Family=Postnikov
[2025-12-11T13:43:28.583Z] PUT /api/profile request for max_postnikov. Data: Name=Maxim, Family=Postnikov
[2025-12-11T13:43:29.758Z] PUT /api/profile request for max_postnikov. Data: Name=Maxim, Family=Postnikov
[2025-12-11T13:43:34.270Z] GET /api/profile request for username: pointofno
[2025-12-11T13:43:35.437Z] GET /api/profile request for username: pointofno
[2025-12-11T13:43:36.116Z] GET /api/profile request for username: max_postnikov
[2025-12-11T13:43:37.357Z] GET /api/profile request for username: max_postnikov
[2025-12-11T13:43:38.763Z] GET /api/profile request for username: pointofno
[2025-12-11T13:43:39.910Z] GET /api/profile request for username: pointofno
[2025-12-11T13:43:42.157Z] GET /api/profile request for username: max_postnikov
[2025-12-11T13:43:43.089Z] GET /api/profile request for username: max_postnikov
[2025-12-11T13:43:43.640Z] GET /api/profile request for username: pointofno
[2025-12-11T13:43:44.797Z] GET /api/profile request for username: pointofno
[2025-12-11T13:43:46.122Z] GET /api/profile request for username: pointofno
[2025-12-11T13:43:46.125Z] GET /api/profile request for username: max_postnikov
[2025-12-11T13:43:47.260Z] GET /api/profile request for username: pointofno
[2025-12-11T13:45:28.961Z] GET /api/profile request for username: max_postnikov
[2025-12-11T13:45:30.423Z] GET /api/profile request for username: max_postnikov
[2025-12-11T13:45:59.424Z] GET /api/profile request for username: pointofno
[2025-12-11T13:46:04.955Z] GET /api/profile request for username: pointofno
[2025-12-11T13:46:06.077Z] GET /api/profile request for username: pointofno
[2025-12-11T13:46:08.447Z] GET /api/profile request for username: pointofno
[2025-12-11T13:46:08.449Z] GET /api/profile request for username: max_postnikov
[2025-12-11T13:46:09.581Z] GET /api/profile request for username: pointofno
[2025-12-11T13:46:37.837Z] GET /api/profile request for username: pointofno
[2025-12-11T13:46:37.839Z] GET /api/profile request for username: max_postnikov
[2025-12-11T13:46:39.351Z] GET /api/profile request for username: pointofno
[2025-12-11T13:46:40.939Z] GET /api/profile request for username: pointofno
[2025-12-11T13:46:40.940Z] GET /api/profile request for username: max_postnikov
[2025-12-11T13:46:42.102Z] GET /api/profile request for username: pointofno
[2025-12-11T13:47:27.954Z] GET /api/profile request for username: pointofno
[2025-12-11T13:47:27.959Z] GET /api/profile request for username: max_postnikov
[2025-12-11T13:47:29.549Z] GET /api/profile request for username: pointofno
[2025-12-11T13:48:00.079Z] GET /api/profile request for username: pointofno
[2025-12-11T13:48:00.090Z] GET /api/profile request for username: max_postnikov
[2025-12-11T13:48:02.087Z] GET /api/profile request for username: pointofno
[2025-12-11T13:48:06.383Z] GET /api/profile request for username: max_postnikov
[2025-12-11T13:48:06.385Z] GET /api/profile request for username: pointofno
[2025-12-11T13:48:07.497Z] GET /api/profile request for username: pointofno
[2025-12-11T13:51:13.118Z] GET /api/profile request for username: pointofno
[2025-12-11T13:51:13.136Z] GET /api/profile request for username: max_postnikov
[2025-12-11T13:51:16.003Z] GET /api/profile request for username: pointofno
[2025-12-11T13:51:32.779Z] GET /api/profile request for username: max_postnikov
[2025-12-11T13:51:34.323Z] GET /api/profile request for username: max_postnikov
[2025-12-11T13:56:44.143Z] GET /api/profile request for username: max_postnikov
[2025-12-11T13:56:47.235Z] GET /api/profile request for username: max_postnikov
[2025-12-11T13:56:48.212Z] GET /api/profile request for username: max_postnikov
[2025-12-11T13:56:50.866Z] GET /api/profile request for username: pointofno
[2025-12-11T13:56:52.012Z] GET /api/profile request for username: pointofno
[2025-12-11T13:57:03.665Z] GET /api/profile request for username: max_postnikov
[2025-12-11T13:57:11.851Z] GET /api/profile request for username: mozersky
[2025-12-11T13:57:13.164Z] GET /api/profile request for username: mozersky
[2025-12-11T14:00:01.506Z] GET /api/profile request for username: mozersky
[2025-12-11T14:00:01.530Z] GET /api/profile request for username: max_postnikov
[2025-12-11T14:00:03.015Z] GET /api/profile request for username: mozersky
[2025-12-11T14:00:07.797Z] GET /api/profile request for username: max_postnikov
[2025-12-11T14:00:09.350Z] GET /api/profile request for username: max_postnikov
[2025-12-11T14:02:26.332Z] GET /api/profile request for username: mozersky
[2025-12-11T14:02:27.843Z] GET /api/profile request for username: mozersky
[2025-12-11T14:04:39.405Z] GET /api/profile request for username: mozersky
[2025-12-11T14:05:44.113Z] GET /api/profile request for username: mozersky
[2025-12-11T14:05:44.178Z] GET /api/profile request for username: max_postnikov
[2025-12-11T14:05:45.835Z] GET /api/profile request for username: mozersky
[2025-12-11T14:05:53.420Z] GET /api/profile request for username: alenaozerskaya
[2025-12-11T14:05:54.448Z] GET /api/profile request for username: alenaozerskaya
[2025-12-11T14:05:59.637Z] GET /api/profile request for username: lunvisss
[2025-12-11T14:06:00.797Z] GET /api/profile request for username: lunvisss
[2025-12-11T14:06:55.753Z] GET /api/profile request for username: annhen_a
[2025-12-11T14:06:57.243Z] GET /api/profile request for username: annhen_a
[2025-12-11T14:10:32.852Z] GET /api/profile request for username: max_postnikov
[2025-12-11T14:10:42.184Z] GET /api/profile request for username: antonmatlin
[2025-12-11T14:10:43.505Z] GET /api/profile request for username: antonmatlin
[2025-12-11T14:14:03.305Z] GET /api/profile request for username: willeteka
[2025-12-11T14:14:04.330Z] GET /api/profile request for username: willeteka
[2025-12-11T14:14:15.035Z] GET /api/profile request for username: max_postnikov
[2025-12-11T14:14:16.454Z] GET /api/profile request for username: max_postnikov
[2025-12-11T14:14:58.252Z] GET /api/profile request for username: max_postnikov
[2025-12-11T14:15:02.373Z] GET /api/profile request for username: pointofno
[2025-12-11T14:15:03.566Z] GET /api/profile request for username: pointofno
[2025-12-11T14:15:08.363Z] GET /api/profile request for username: photofreedom
[2025-12-11T14:15:09.519Z] GET /api/profile request for username: photofreedom
[2025-12-11T14:15:16.048Z] GET /api/profile request for username: dmitrismirnov
[2025-12-11T14:15:17.029Z] GET /api/profile request for username: dmitrismirnov
[2025-12-11T14:48:59.588Z] GET /api/profile request for username: max_postnikov
[2025-12-11T14:49:03.578Z] GET /api/profile request for username: murrimay
[2025-12-11T14:49:04.662Z] GET /api/profile request for username: murrimay
[2025-12-11T14:49:39.303Z] GET /api/profile request for username: max_postnikov
[2025-12-11T14:49:40.797Z] GET /api/profile request for username: max_postnikov
[2025-12-11T14:51:31.647Z] GET /api/profile request for username: max_postnikov
[2025-12-11T14:51:32.616Z] GET /api/profile request for username: max_postnikov
[2025-12-11T14:51:33.557Z] GET /api/profile request for username: max_postnikov
[2025-12-11T14:51:40.929Z] GET /api/profile request for username: max_postnikov
[2025-12-11T14:51:42.001Z] GET /api/profile request for username: max_postnikov
[2025-12-11T14:51:42.915Z] GET /api/profile request for username: max_postnikov
[2025-12-12T09:54:26.468Z] GET /api/profile request for username: kisodrakon
[2025-12-12T09:54:26.474Z] GET /api/profile request for username: antonmatlin
[2025-12-12T09:54:26.476Z] GET /api/profile request for username: antonmatlin
[2025-12-12T09:55:26.952Z] GET /api/profile request for username: kisodrakon
[2025-12-12T09:55:26.956Z] GET /api/profile request for username: kisodrakon
[2025-12-12T09:55:26.960Z] GET /api/profile request for username: antonmatlin
[2025-12-12T09:55:26.965Z] GET /api/profile request for username: antonmatlin
[2025-12-12T09:55:28.753Z] GET /api/profile request for username: kisodrakon
[2025-12-12T09:55:28.756Z] GET /api/profile request for username: kisodrakon
[2025-12-12T09:55:28.758Z] GET /api/profile request for username: antonmatlin
[2025-12-12T09:55:28.761Z] GET /api/profile request for username: antonmatlin
[2025-12-12T09:55:32.852Z] GET /api/profile request for username: antonmatlin
[2025-12-12T09:55:52.091Z] GET /api/profile request for username: kisodrakon
[2025-12-12T09:55:52.093Z] GET /api/profile request for username: kisodrakon
[2025-12-12T09:56:10.042Z] PUT /api/profile request for kisodrakon. Data: Name=Älskar, Family=Hundalfson
[2025-12-12T09:56:11.140Z] PUT /api/profile request for kisodrakon. Data: Name=Älskar, Family=Hundalfson
[2025-12-12T09:56:12.030Z] PUT /api/profile request for kisodrakon. Data: Name=Älskar, Family=Hundalfson
[2025-12-12T09:59:31.583Z] GET /api/profile request for username: kisodrakon
[2025-12-12T09:59:31.586Z] GET /api/profile request for username: kisodrakon
[2025-12-12T09:59:31.588Z] GET /api/profile request for username: kisodrakon
[2025-12-12T09:59:31.589Z] GET /api/profile request for username: kisodrakon
[2025-12-12T10:00:07.731Z] GET /api/profile request for username: max_postnikov
[2025-12-12T10:00:07.736Z] GET /api/profile request for username: max_postnikov
[2025-12-12T10:00:07.740Z] GET /api/profile request for username: max_postnikov
[2025-12-12T10:00:07.741Z] GET /api/profile request for username: max_postnikov
[2025-12-12T10:08:03.926Z] GET /api/profile request for username: kisodrakon
[2025-12-12T10:08:03.937Z] GET /api/profile request for username: kisodrakon
[2025-12-12T10:08:03.939Z] GET /api/profile request for username: kisodrakon
[2025-12-12T10:08:03.952Z] GET /api/profile request for username: kisodrakon
[2025-12-12T10:08:05.427Z] GET /api/profile request for username: kisodrakon
[2025-12-12T10:08:05.492Z] GET /api/profile request for username: kisodrakon
[2025-12-12T10:08:05.521Z] GET /api/profile request for username: kisodrakon
[2025-12-12T10:08:05.534Z] GET /api/profile request for username: kisodrakon
[2025-12-12T10:09:08.160Z] GET /api/profile request for username: kisodrakon
[2025-12-12T10:09:08.168Z] GET /api/profile request for username: pointofno
[2025-12-12T10:09:08.170Z] GET /api/profile request for username: pointofno
[2025-12-12T10:11:07.324Z] GET /api/profile request for username: max_postnikov
[2025-12-12T10:11:07.332Z] GET /api/profile request for username: pointofno
[2025-12-12T10:11:07.342Z] GET /api/profile request for username: pointofno
[2025-12-12T10:11:24.382Z] GET /api/profile request for username: max_postnikov
[2025-12-12T10:11:24.384Z] GET /api/profile request for username: max_postnikov
[2025-12-12T10:11:26.547Z] GET /api/profile request for username: max_postnikov
[2025-12-12T10:11:26.547Z] GET /api/profile request for username: max_postnikov
[2025-12-12T10:12:22.479Z] GET /api/profile request for username: max_postnikov
[2025-12-12T10:12:22.482Z] GET /api/profile request for username: max_postnikov
[2025-12-12T10:12:22.485Z] GET /api/profile request for username: max_postnikov
[2025-12-12T10:12:22.486Z] GET /api/profile request for username: max_postnikov
[2025-12-12T10:22:31.286Z] GET /api/profile request for username: kisodrakon
[2025-12-12T10:22:31.303Z] GET /api/profile request for username: kisodrakon
[2025-12-14T19:21:47.386Z] GET /api/profile request for username: max_postnikov
[2025-12-14T19:21:50.853Z] GET /api/profile request for username: max_postnikov
[2025-12-14T19:21:51.971Z] GET /api/profile request for username: max_postnikov
[2025-12-14T19:21:53.133Z] GET /api/profile request for username: max_postnikov
[2025-12-14T19:21:54.282Z] GET /api/profile request for username: max_postnikov
[2025-12-14T19:21:55.421Z] GET /api/profile request for username: max_postnikov
[2025-12-14T19:21:56.583Z] GET /api/profile request for username: max_postnikov
[2025-12-14T19:21:57.698Z] GET /api/profile request for username: max_postnikov
[2025-12-14T19:22:04.227Z] GET /api/profile request for username: max_postnikov
[2025-12-14T19:22:05.597Z] GET /api/profile request for username: max_postnikov
[2025-12-14T19:24:28.173Z] GET /api/profile request for username: max_postnikov
[2025-12-14T19:24:29.552Z] GET /api/profile request for username: max_postnikov
[2025-12-14T19:25:39.318Z] GET /api/profile request for username: max_postnikov
[2025-12-14T19:25:40.861Z] GET /api/profile request for username: max_postnikov
[2025-12-14T19:26:34.308Z] GET /api/profile request for username: arbiterman
[2025-12-14T19:26:35.840Z] GET /api/profile request for username: arbiterman
[2025-12-14T19:28:16.643Z] GET /api/profile request for username: max_postnikov
[2025-12-14T19:28:18.054Z] GET /api/profile request for username: max_postnikov
[2025-12-14T19:28:37.305Z] GET /api/profile request for username: max_postnikov
[2025-12-14T19:28:37.314Z] GET /api/profile request for username: max_postnikov
[2025-12-14T19:30:06.582Z] GET /api/profile request for username: max_postnikov
[2025-12-14T19:30:07.637Z] GET /api/profile request for username: max_postnikov
[2025-12-14T19:31:52.680Z] GET /api/profile request for username: max_postnikov
[2025-12-14T19:31:53.981Z] GET /api/profile request for username: max_postnikov
[2025-12-14T19:31:54.962Z] GET /api/profile request for username: max_postnikov
[2025-12-14T19:31:55.967Z] GET /api/profile request for username: max_postnikov
[2025-12-14T19:33:24.981Z] GET /api/profile request for username: kisodrakon
[2025-12-14T19:33:25.800Z] GET /api/profile request for username: kisodrakon
[2025-12-14T19:33:26.689Z] GET /api/profile request for username: kisodrakon
[2025-12-14T19:33:27.531Z] GET /api/profile request for username: kisodrakon
[2025-12-14T19:33:31.280Z] GET /api/profile request for username: max_postnikov
[2025-12-14T19:33:32.326Z] GET /api/profile request for username: max_postnikov
[2025-12-14T19:33:33.304Z] GET /api/profile request for username: max_postnikov
[2025-12-14T19:33:34.441Z] GET /api/profile request for username: max_postnikov
[2025-12-14T19:52:08.396Z] GET /api/profile request for username: max_postnikov
[2025-12-14T19:52:10.001Z] GET /api/profile request for username: max_postnikov
[2025-12-14T19:52:11.056Z] GET /api/profile request for username: max_postnikov
[2025-12-14T19:52:12.123Z] GET /api/profile request for username: max_postnikov
[2025-12-15T21:11:51.446Z] GET /api/profile request for kisodrakon by kisodrakon
[2025-12-15T21:11:52.953Z] GET /api/profile request for kisodrakon by kisodrakon
[2025-12-15T21:11:53.719Z] GET /api/profile request for kisodrakon by kisodrakon
[2025-12-15T21:11:54.359Z] GET /api/profile request for kisodrakon by kisodrakon
[2025-12-15T21:12:20.417Z] GET /api/profile request for max_postnikov by max_postnikov
[2025-12-15T21:12:21.703Z] GET /api/profile request for max_postnikov by max_postnikov
[2025-12-15T21:12:22.398Z] GET /api/profile request for max_postnikov by max_postnikov
[2025-12-15T21:12:23.174Z] GET /api/profile request for max_postnikov by max_postnikov
[2025-12-15T21:14:58.090Z] GET /api/profile request for max_postnikov by max_postnikov
[2025-12-15T21:14:59.083Z] GET /api/profile request for max_postnikov by max_postnikov
[2025-12-15T21:14:59.640Z] GET /api/profile request for max_postnikov by max_postnikov
[2025-12-15T21:15:00.172Z] GET /api/profile request for max_postnikov by max_postnikov
[2025-12-15T21:15:19.161Z] PUT /api/profile request for kisodrakon. Data: Name=Älskar, Family=Hundalfson
[2025-12-15T21:15:53.338Z] GET /api/profile request for kisodrakon by kisodrakon
[2025-12-15T21:15:54.578Z] GET /api/profile request for kisodrakon by kisodrakon
[2025-12-15T21:15:55.147Z] GET /api/profile request for kisodrakon by kisodrakon
[2025-12-15T21:15:55.645Z] GET /api/profile request for kisodrakon by kisodrakon
[2025-12-15T21:20:48.596Z] GET /api/profile request for kisodrakon by kisodrakon
[2025-12-15T21:20:48.901Z] GET /api/profile request for max_postnikov by max_postnikov
[2025-12-15T21:22:02.903Z] GET /api/profile request for max_postnikov by max_postnikov
[2025-12-15T21:22:04.102Z] GET /api/profile request for max_postnikov by max_postnikov
[2025-12-15T21:22:04.663Z] GET /api/profile request for max_postnikov by max_postnikov
[2025-12-15T21:22:05.173Z] GET /api/profile request for max_postnikov by max_postnikov
[2025-12-15T21:22:44.758Z] GET /api/profile request for kisodrakon by kisodrakon
[2025-12-15T21:22:45.803Z] GET /api/profile request for kisodrakon by kisodrakon
[2025-12-15T21:22:46.308Z] GET /api/profile request for kisodrakon by kisodrakon
[2025-12-15T21:22:46.840Z] GET /api/profile request for kisodrakon by kisodrakon
[2025-12-15T21:30:08.197Z] GET /api/profile request for max_postnikov by max_postnikov
[2025-12-15T21:30:09.507Z] GET /api/profile request for max_postnikov by max_postnikov
[2025-12-15T21:34:00.860Z] GET /api/profile request for max_postnikov by max_postnikov
[2025-12-15T21:34:02.000Z] GET /api/profile request for max_postnikov by max_postnikov
[2025-12-16T05:32:00.328Z] GET /api/profile request for kisodrakon by kisodrakon
[2025-12-16T05:32:03.798Z] GET /api/profile request for kisodrakon by kisodrakon
[2025-12-16T05:32:06.672Z] GET /api/profile request for max_postnikov by kisodrakon
[2025-12-16T06:35:55.586Z] GET /api/profile request for kisodrakon by kisodrakon
[2025-12-16T06:36:52.800Z] GET /api/profile request for kisodrakon by kisodrakon
[2025-12-16T06:36:53.694Z] GET /api/profile request for kisodrakon by kisodrakon
[2025-12-16T06:38:07.054Z] GET /api/profile request for kisodrakon by kisodrakon
[2025-12-16T06:38:07.967Z] GET /api/profile request for kisodrakon by kisodrakon
[2025-12-16T07:36:27.514Z] GET /api/profile request for kisodrakon by kisodrakon
[2025-12-16T07:36:28.415Z] GET /api/profile request for kisodrakon by kisodrakon
[2025-12-16T07:37:31.132Z] GET /api/profile request for max_postnikov by max_postnikov
[2025-12-16T07:37:32.273Z] GET /api/profile request for max_postnikov by max_postnikov
